137.189.160.206 - - [31/Jan/2019:23:29:39 -0600] "GET /~ladd/virginia_pisu.html" 200 915
phx-ts1-16.goodnet.com - - [31/Jan/2019:23:29:40 -0600] "GET /~keele/images/karate/icon/yoi_brwn.gif" 200 245
broadway.sfn.saskatoon.sk.ca - - [31/Jan/2019:23:29:40 -0600] "GET /~scottp/free.html" 200 23067
star142.hkstar.com - - [31/Jan/2019:23:30:00 -0600] "GET /~lowey/encyclopedia/c/card_games.html" 200 1482
137.243.10.138 - - [31/Jan/2019:23:30:03 -0600] "GET /anatomy/pictures/smoligo.GIF HTTP/1.0" 200 77860
star142.hkstar.com - - [31/Jan/2019:23:30:09 -0600] "GET /~lowey/encyclopedia/g/games.html" 200 1619
warthog.usc.edu - - [31/Jan/2019:23:30:30 -0600] "GET /~scottp/fn1.gif" 200 2164
ccc055.canuck.com - - [31/Jan/2019:23:31:12 -0600] "GET / HTTP/1.0" 200 3890
ccc055.canuck.com - - [31/Jan/2019:23:31:19 -0600] "GET /images/logo.gif HTTP/1.0" 200 2273
ccc055.canuck.com - - [31/Jan/2019:23:31:26 -0600] "GET /images/logo_50.gif HTTP/1.0" 200 525
ccc055.canuck.com - - [31/Jan/2019:23:31:28 -0600] "GET /images/earth_50.gif HTTP/1.0" 200 543
ccc055.canuck.com - - [31/Jan/2019:23:31:30 -0600] "GET /images/search_50.gif HTTP/1.0" 200 1419
ccc055.canuck.com - - [31/Jan/2019:23:31:33 -0600] "GET /images/help_50.gif HTTP/1.0" 200 1390
ccc055.canuck.com - - [31/Jan/2019:23:31:35 -0600] "GET /images/comments_50.gif HTTP/1.0" 200 388
interchg.ubc.ca - - [31/Jan/2019:23:31:51 -0600] "GET /~lowey/encyclopedia/w/weather.html" 200 1844
ccc055.canuck.com - - [31/Jan/2019:23:32:05 -0600] "GET /search/people_uofs.html HTTP/1.0" 200 1973
ccc055.canuck.com - - [31/Jan/2019:23:32:11 -0600] "GET /images/logo_50.gif HTTP/1.0" 200 525
ccc055.canuck.com - - [31/Jan/2019:23:32:13 -0600] "GET /images/earth_50.gif HTTP/1.0" 200 543
ccc055.canuck.com - - [31/Jan/2019:23:32:16 -0600] "GET /images/search_50.gif HTTP/1.0" 200 1419
ccc055.canuck.com - - [31/Jan/2019:23:32:18 -0600] "GET /images/help_50.gif HTTP/1.0" 200 1390
ccc055.canuck.com - - [31/Jan/2019:23:32:21 -0600] "GET /images/comments_50.gif HTTP/1.0" 200 388
pipe8.h1.usa.pipeline.com - - [31/Jan/2019:23:32:26 -0600] "GET /~turner/starinfo.html" 200 743
srlinka.unibase.com - - [31/Jan/2019:23:32:28 -0600] "GET /cusi/cusi.html HTTP/1.0" 200 14485
srlinka.unibase.com - - [31/Jan/2019:23:32:32 -0600] "GET /cusi/nexor-logo-small.gif HTTP/1.0" 200 223
ccc055.canuck.com - - [31/Jan/2019:23:32:35 -0600] "GET /mlookup/white.html HTTP/1.0" 200 728
pipe8.h1.usa.pipeline.com - - [31/Jan/2019:23:32:38 -0600] "GET /~turner/actor.html" 200 4634
pipe8.h1.usa.pipeline.com - - [31/Jan/2019:23:33:08 -0600] "GET /~turner/pauldavid" 200 23178
interchg.ubc.ca - - [31/Jan/2019:23:33:10 -0600] "GET /~lowey/encyclopedia/index.html" 200 2460
duke.usask.ca - - [31/Jan/2019:23:33:39 -0600] "GET / HTTP/1.0" 200 3890
www.gnofn.org - - [31/Jan/2019:23:33:59 -0600] "GET /~scottp/free.html" 200 23067
duke.usask.ca - - [31/Jan/2019:23:34:19 -0600] "GET /search.html HTTP/1.0" 200 1838
206.101.96.66 - - [31/Jan/2019:23:34:26 -0600] "GET /~scottp/free.html" 200 23067
explorer.sasknet.sk.ca - - [31/Jan/2019:23:34:33 -0600] "GET /~lowey/Saskatoon/index.html" 200 1723
explorer.sasknet.sk.ca - - [31/Jan/2019:23:34:35 -0600] "GET /~lowey/Saskatoon/icons/bridge.gif" 200 194
explorer.sasknet.sk.ca - - [31/Jan/2019:23:34:38 -0600] "GET /~lowey/Saskatoon/Saskatoon.gif" 200 27583
p1-18.net-link.net - - [31/Jan/2019:23:34:40 -0600] "GET /dcs/courses/cai/html/ HTTP/1.0" 200 1712
p1-18.net-link.net - - [31/Jan/2019:23:34:41 -0600] "GET /images/right_32.gif HTTP/1.0" 200 197
p1-18.net-link.net - - [31/Jan/2019:23:34:41 -0600] "GET /images/letter_32.gif HTTP/1.0" 200 149
p1-18.net-link.net - - [31/Jan/2019:23:34:41 -0600] "GET /images/question_32.gif HTTP/1.0" 200 214
p1-18.net-link.net - - [31/Jan/2019:23:34:42 -0600] "GET /images/logo_32.gif HTTP/1.0" 200 1640
p1-18.net-link.net - - [31/Jan/2019:23:34:46 -0600] "GET /dcs/courses/cai/html/contents.html HTTP/1.0" 200 1453
explorer.sasknet.sk.ca - - [31/Jan/2019:23:34:51 -0600] "GET /~lowey/Saskatoon/icons/question.gif" 200 214
duke.usask.ca - - [31/Jan/2019:23:34:51 -0600] "GET /cusi/cusi.html HTTP/1.0" 200 14485
explorer.sasknet.sk.ca - - [31/Jan/2019:23:34:52 -0600] "GET /~lowey/Saskatoon/icons/letter.gif" 200 149
explorer.sasknet.sk.ca - - [31/Jan/2019:23:34:54 -0600] "GET /~lowey/Saskatoon/icons/citynet.gif" 200 776
srlinka.unibase.com - - [31/Jan/2019:23:34:56 -0600] "GET /cgi-bin/cusi?query=shane+weir&service=gopher%3A%2F%2Fds.internic.net%3A4320%2F7netfind%2520dblookup%3F_cusi-search-term-here_ HTTP/1.0" 302 162
srlinka.unibase.com - - [31/Jan/2019:23:35:42 -0600] "GET /cgi-bin/cusi?query=karen+bolstad&service=gopher%3A%2F%2Fds.internic.net%3A4320%2F7netfind%2520dblookup%3F_cusi-search-term-here_ HTTP/1.0" 302 168
ccc055.canuck.com - - [31/Jan/2019:23:35:43 -0600] "GET /cgi-bin/phone.pl HTTP/1.0" 200 471
srlinka.unibase.com - - [31/Jan/2019:23:36:07 -0600] "GET /cgi-bin/cusi?query=linka&service=gopher%3A%2F%2Fds.internic.net%3A4320%2F7netfind%2520dblookup%3F_cusi-search-term-here_ HTTP/1.0" 302 152
ccc055.canuck.com - - [31/Jan/2019:23:36:18 -0600] "POST /cgi-bin/phone.pl HTTP/1.0" 200 220
srlinka.unibase.com - - [31/Jan/2019:23:36:33 -0600] "GET /cgi-bin/cusi?query=Rodger+linka&service=gopher%3A%2F%2Fds.internic.net%3A4320%2F7netfind%2520dblookup%3F_cusi-search-term-here_ HTTP/1.0" 302 166
ccc055.canuck.com - - [31/Jan/2019:23:37:07 -0600] "GET /index.html HTTP/1.0" 200 3890
ccc055.canuck.com - - [31/Jan/2019:23:37:15 -0600] "GET /images/logo_50.gif HTTP/1.0" 200 525
ccc055.canuck.com - - [31/Jan/2019:23:37:18 -0600] "GET /images/earth_50.gif HTTP/1.0" 200 543
ccc055.canuck.com - - [31/Jan/2019:23:37:20 -0600] "GET /images/search_50.gif HTTP/1.0" 200 1419
ccc055.canuck.com - - [31/Jan/2019:23:37:23 -0600] "GET /images/help_50.gif HTTP/1.0" 200 1390
ccc055.canuck.com - - [31/Jan/2019:23:37:26 -0600] "GET /images/comments_50.gif HTTP/1.0" 200 388
crimpshrine.atext.com - - [31/Jan/2019:23:37:49 -0600] "GET /library/gic/v2n1/millar/millar.html HTTP/1.0" 200 48200
ccc055.canuck.com - - [31/Jan/2019:23:38:19 -0600] "GET /Mosaic/Docs/whats-new.html HTTP/1.0" 200 58259
ryum.tor.hookup.net - - [31/Jan/2019:23:38:48 -0600] "GET /~turner/duesouth.html" 200 2787
ryum.tor.hookup.net - - [31/Jan/2019:23:38:49 -0600] "GET /~turner/dsback.GIF" 200 25037
ryum.tor.hookup.net - - [31/Jan/2019:23:38:49 -0600] "GET /~turner/logo.GIF" 200 6761
crimpshrine.atext.com - - [31/Jan/2019:23:39:05 -0600] "GET /~lowey/saskatoon/about_saskatoon/index.html" 200 868
ix-hou1-18.ix.netcom.com - - [31/Jan/2019:23:39:37 -0600] "GET /~scottp/publish.html" 200 271
ryum.tor.hookup.net - - [31/Jan/2019:23:40:09 -0600] "GET /~turner/northspoiler" 200 1101
crimpshrine.atext.com - - [31/Jan/2019:23:40:18 -0600] "GET /archives/munfla.html HTTP/1.0" 200 500
ryum.tor.hookup.net - - [31/Jan/2019:23:41:00 -0600] "GET /~turner/starinfo.html" 200 743
ryum.tor.hookup.net - - [31/Jan/2019:23:41:09 -0600] "GET /~turner/actor.html" 200 4634
ryum.tor.hookup.net - - [31/Jan/2019:23:41:26 -0600] "GET /~turner/pauldavid" 200 23178
broadway.sfn.saskatoon.sk.ca - - [31/Jan/2019:23:41:58 -0600] "GET /search.html HTTP/1.0" 200 1838
gort.vuse.vanderbilt.edu - - [31/Jan/2019:23:42:05 -0600] "GET /~ladd/nc_state.html" 200 954
freenet.buffalo.edu - - [31/Jan/2019:23:42:39 -0600] "GET /~scottp/free.html/" 200 23067
slip3.nashville.com - - [31/Jan/2019:23:42:56 -0600] "GET /~keele/docs/whtpages.html" 200 15214
slip3.nashville.com - - [31/Jan/2019:23:43:00 -0600] "GET /~keele/images/mailto.gif" 200 1135
double-tree.ericsson.se - - [31/Jan/2019:23:44:25 -0600] "GET /~scottp/calgary.txt" 200 24744
freenet.buffalo.edu - - [31/Jan/2019:23:44:28 -0600] "GET /~scottp/free.html/" 200 23067
moondog.usask.ca - - [31/Jan/2019:23:44:53 -0600] "GET /lynx_help/lynx_help_main.html HTTP/1.0" 200 1271
moondog.usask.ca - - [31/Jan/2019:23:44:55 -0600] "GET /about_lynx/about_lynx-dev.html HTTP/1.0" 200 2271
206.101.97.100 - - [31/Jan/2019:23:44:58 -0600] "GET / HTTP/1.0" 200 3890
moondog.usask.ca - - [31/Jan/2019:23:44:59 -0600] "GET /lynx_help/lynx_help_main.html HTTP/1.0" 200 1271
moondog.usask.ca - - [31/Jan/2019:23:44:59 -0600] "GET /about_lynx/about_lynx.html HTTP/1.0" 200 4105
freenet.buffalo.edu - - [31/Jan/2019:23:45:01 -0600] "GET /~scottp/free.html/" 200 23067
199.78.224.15 - - [31/Jan/2019:23:47:20 -0600] "POST /cgi-bin/mail?ross.keele HTTP/1.0" 302 0
broadway.sfn.saskatoon.sk.ca - - [31/Jan/2019:23:48:35 -0600] "GET /search.html HTTP/1.0" 200 1838
broadway.sfn.saskatoon.sk.ca - - [31/Jan/2019:23:48:53 -0600] "GET / HTTP/1.0" 200 3890
broadway.sfn.saskatoon.sk.ca - - [31/Jan/2019:23:49:13 -0600] "GET /search/index.html HTTP/1.0" 200 1775
www.gnofn.org - - [31/Jan/2019:23:49:31 -0600] "GET /~scottp/free.html" 200 23067
broadway.sfn.saskatoon.sk.ca - - [31/Jan/2019:23:50:01 -0600] "GET /search/search_programs.html HTTP/1.0" 200 1896
broadway.sfn.saskatoon.sk.ca - - [31/Jan/2019:23:50:55 -0600] "GET /search/people.html HTTP/1.0" 200 2316
broadway.sfn.saskatoon.sk.ca - - [31/Jan/2019:23:51:32 -0600] "GET / HTTP/1.0" 200 3890
crimpshrine.atext.com - - [31/Jan/2019:23:53:48 -0600] "GET /history/programs.html HTTP/1.0" 200 3031
ppp06.ionline.net - - [31/Jan/2019:23:55:01 -0600] "GET /~scottp/free.html" 200 23067
ppp06.ionline.net - - [31/Jan/2019:23:55:03 -0600] "GET /~scottp/fn1.gif" 200 2164
ns.netcenter.net - - [31/Jan/2019:23:55:19 -0600] "GET /~scottp/free.html/" 200 23067
freenet.buffalo.edu - - [31/Jan/2019:23:56:17 -0600] "GET /~scottp/free.html/" 200 23067
ix-oly-wa2-11.ix.netcom.com - - [31/Jan/2019:23:57:00 -0600] "GET /~scottp/publish.html" 200 271
freenet.npiec.on.ca - - [31/Jan/2019:23:58:06 -0600] "GET /~scottp/free.html" 200 23067
moondog.usask.ca - - [31/Jan/2019:23:58:29 -0600] "GET / HTTP/1.0" 200 3890
moondog.usask.ca - - [31/Jan/2019:23:58:37 -0600] "GET /search.html HTTP/1.0" 200 1838
ns1.maf.mobile.al.us - - [31/Jan/2019:23:59:28 -0600] "GET /~scottp/free.html" 200 23067
